<?xml version="1.0" encoding="UTF-8"?>
<testng-results skipped="0" failed="0" ignored="0" total="14" passed="14">
  <reporter-output>
  </reporter-output>
  <suite name="Suite" duration-ms="267839" started-at="2019-06-16T20:39:02Z" finished-at="2019-06-16T20:43:30Z">
    <groups>
    </groups>
    <test name="Test" duration-ms="267839" started-at="2019-06-16T20:39:02Z" finished-at="2019-06-16T20:43:30Z">
      <class name="com.seleniumtestngtest.mainClass">
        <test-method status="PASS" signature="setUp()[pri:0, instance:com.seleniumtestngtest.mainClass@5e5792a0]" name="setUp" is-config="true" duration-ms="11990" started-at="2019-06-16T20:39:02Z" finished-at="2019-06-16T20:39:14Z">
          <reporter-output>
          </reporter-output>
        </test-method> <!-- setUp -->
        <test-method status="PASS" signature="Title()[pri:0, instance:com.seleniumtestngtest.mainClass@5e5792a0]" name="Title" duration-ms="373" started-at="2019-06-16T20:39:14Z" finished-at="2019-06-16T20:39:14Z">
          <reporter-output>
          </reporter-output>
        </test-method> <!-- Title -->
        <test-method status="PASS" signature="setDown()[pri:0, instance:com.seleniumtestngtest.mainClass@5e5792a0]" name="setDown" is-config="true" duration-ms="4697" started-at="2019-06-16T20:39:14Z" finished-at="2019-06-16T20:39:19Z">
          <reporter-output>
          </reporter-output>
        </test-method> <!-- setDown -->
        <test-method status="PASS" signature="setUp()[pri:0, instance:com.seleniumtestngtest.mainClass@5e5792a0]" name="setUp" is-config="true" duration-ms="9227" started-at="2019-06-16T20:39:19Z" finished-at="2019-06-16T20:39:28Z">
          <reporter-output>
          </reporter-output>
        </test-method> <!-- setUp -->
        <test-method status="PASS" signature="cekLoginTrue()[pri:1, instance:com.seleniumtestngtest.mainClass@5e5792a0]" name="cekLoginTrue" duration-ms="3596" started-at="2019-06-16T20:39:28Z" finished-at="2019-06-16T20:39:32Z">
          <reporter-output>
          </reporter-output>
        </test-method> <!-- cekLoginTrue -->
        <test-method status="PASS" signature="setDown()[pri:0, instance:com.seleniumtestngtest.mainClass@5e5792a0]" name="setDown" is-config="true" duration-ms="483" started-at="2019-06-16T20:39:32Z" finished-at="2019-06-16T20:39:32Z">
          <reporter-output>
          </reporter-output>
        </test-method> <!-- setDown -->
        <test-method status="PASS" signature="setUp()[pri:0, instance:com.seleniumtestngtest.mainClass@5e5792a0]" name="setUp" is-config="true" duration-ms="8608" started-at="2019-06-16T20:39:32Z" finished-at="2019-06-16T20:39:41Z">
          <reporter-output>
          </reporter-output>
        </test-method> <!-- setUp -->
        <test-method status="PASS" signature="cekLogout()[pri:2, instance:com.seleniumtestngtest.mainClass@5e5792a0]" name="cekLogout" duration-ms="4236" started-at="2019-06-16T20:39:41Z" finished-at="2019-06-16T20:39:45Z">
          <reporter-output>
          </reporter-output>
        </test-method> <!-- cekLogout -->
        <test-method status="PASS" signature="setDown()[pri:0, instance:com.seleniumtestngtest.mainClass@5e5792a0]" name="setDown" is-config="true" duration-ms="471" started-at="2019-06-16T20:39:45Z" finished-at="2019-06-16T20:39:45Z">
          <reporter-output>
          </reporter-output>
        </test-method> <!-- setDown -->
        <test-method status="PASS" signature="setUp()[pri:0, instance:com.seleniumtestngtest.mainClass@5e5792a0]" name="setUp" is-config="true" duration-ms="8379" started-at="2019-06-16T20:39:45Z" finished-at="2019-06-16T20:39:54Z">
          <reporter-output>
          </reporter-output>
        </test-method> <!-- setUp -->
        <test-method status="PASS" signature="cekLoginFailed()[pri:3, instance:com.seleniumtestngtest.mainClass@5e5792a0]" name="cekLoginFailed" duration-ms="2931" started-at="2019-06-16T20:39:54Z" finished-at="2019-06-16T20:39:57Z">
          <reporter-output>
          </reporter-output>
        </test-method> <!-- cekLoginFailed -->
        <test-method status="PASS" signature="setDown()[pri:0, instance:com.seleniumtestngtest.mainClass@5e5792a0]" name="setDown" is-config="true" duration-ms="478" started-at="2019-06-16T20:39:57Z" finished-at="2019-06-16T20:39:57Z">
          <reporter-output>
          </reporter-output>
        </test-method> <!-- setDown -->
        <test-method status="PASS" signature="setUp()[pri:0, instance:com.seleniumtestngtest.mainClass@5e5792a0]" name="setUp" is-config="true" duration-ms="9390" started-at="2019-06-16T20:39:57Z" finished-at="2019-06-16T20:40:07Z">
          <reporter-output>
          </reporter-output>
        </test-method> <!-- setUp -->
        <test-method status="PASS" signature="cekFormLogin()[pri:4, instance:com.seleniumtestngtest.mainClass@5e5792a0]" name="cekFormLogin" duration-ms="3958" started-at="2019-06-16T20:40:07Z" finished-at="2019-06-16T20:40:11Z">
          <reporter-output>
          </reporter-output>
        </test-method> <!-- cekFormLogin -->
        <test-method status="PASS" signature="setDown()[pri:0, instance:com.seleniumtestngtest.mainClass@5e5792a0]" name="setDown" is-config="true" duration-ms="446" started-at="2019-06-16T20:40:11Z" finished-at="2019-06-16T20:40:11Z">
          <reporter-output>
          </reporter-output>
        </test-method> <!-- setDown -->
        <test-method status="PASS" signature="setUp()[pri:0, instance:com.seleniumtestngtest.mainClass@5e5792a0]" name="setUp" is-config="true" duration-ms="9377" started-at="2019-06-16T20:40:11Z" finished-at="2019-06-16T20:40:20Z">
          <reporter-output>
          </reporter-output>
        </test-method> <!-- setUp -->
        <test-method status="PASS" signature="cekMenuDataKasir_CURD()[pri:5, instance:com.seleniumtestngtest.mainClass@5e5792a0]" name="cekMenuDataKasir_CURD" duration-ms="4735" started-at="2019-06-16T20:40:20Z" finished-at="2019-06-16T20:40:25Z">
          <reporter-output>
          </reporter-output>
        </test-method> <!-- cekMenuDataKasir_CURD -->
        <test-method status="PASS" signature="setDown()[pri:0, instance:com.seleniumtestngtest.mainClass@5e5792a0]" name="setDown" is-config="true" duration-ms="362" started-at="2019-06-16T20:40:25Z" finished-at="2019-06-16T20:40:25Z">
          <reporter-output>
          </reporter-output>
        </test-method> <!-- setDown -->
        <test-method status="PASS" signature="setUp()[pri:0, instance:com.seleniumtestngtest.mainClass@5e5792a0]" name="setUp" is-config="true" duration-ms="10021" started-at="2019-06-16T20:40:25Z" finished-at="2019-06-16T20:40:36Z">
          <reporter-output>
          </reporter-output>
        </test-method> <!-- setUp -->
        <test-method status="PASS" signature="cekFormDataKasir()[pri:6, instance:com.seleniumtestngtest.mainClass@5e5792a0]" name="cekFormDataKasir" duration-ms="8651" started-at="2019-06-16T20:40:36Z" finished-at="2019-06-16T20:40:44Z">
          <reporter-output>
          </reporter-output>
        </test-method> <!-- cekFormDataKasir -->
        <test-method status="PASS" signature="setDown()[pri:0, instance:com.seleniumtestngtest.mainClass@5e5792a0]" name="setDown" is-config="true" duration-ms="523" started-at="2019-06-16T20:40:44Z" finished-at="2019-06-16T20:40:45Z">
          <reporter-output>
          </reporter-output>
        </test-method> <!-- setDown -->
        <test-method status="PASS" signature="setUp()[pri:0, instance:com.seleniumtestngtest.mainClass@5e5792a0]" name="setUp" is-config="true" duration-ms="9400" started-at="2019-06-16T20:40:45Z" finished-at="2019-06-16T20:40:54Z">
          <reporter-output>
          </reporter-output>
        </test-method> <!-- setUp -->
        <test-method status="PASS" signature="cekMenuDataKategori_CURD()[pri:7, instance:com.seleniumtestngtest.mainClass@5e5792a0]" name="cekMenuDataKategori_CURD" duration-ms="4625" started-at="2019-06-16T20:40:54Z" finished-at="2019-06-16T20:40:59Z">
          <reporter-output>
          </reporter-output>
        </test-method> <!-- cekMenuDataKategori_CURD -->
        <test-method status="PASS" signature="setDown()[pri:0, instance:com.seleniumtestngtest.mainClass@5e5792a0]" name="setDown" is-config="true" duration-ms="358" started-at="2019-06-16T20:40:59Z" finished-at="2019-06-16T20:40:59Z">
          <reporter-output>
          </reporter-output>
        </test-method> <!-- setDown -->
        <test-method status="PASS" signature="setUp()[pri:0, instance:com.seleniumtestngtest.mainClass@5e5792a0]" name="setUp" is-config="true" duration-ms="9985" started-at="2019-06-16T20:40:59Z" finished-at="2019-06-16T20:41:09Z">
          <reporter-output>
          </reporter-output>
        </test-method> <!-- setUp -->
        <test-method status="PASS" signature="cekFormDataKategori()[pri:8, instance:com.seleniumtestngtest.mainClass@5e5792a0]" name="cekFormDataKategori" duration-ms="3036" started-at="2019-06-16T20:41:09Z" finished-at="2019-06-16T20:41:12Z">
          <reporter-output>
          </reporter-output>
        </test-method> <!-- cekFormDataKategori -->
        <test-method status="PASS" signature="setDown()[pri:0, instance:com.seleniumtestngtest.mainClass@5e5792a0]" name="setDown" is-config="true" duration-ms="240" started-at="2019-06-16T20:41:12Z" finished-at="2019-06-16T20:41:12Z">
          <reporter-output>
          </reporter-output>
        </test-method> <!-- setDown -->
        <test-method status="PASS" signature="setUp()[pri:0, instance:com.seleniumtestngtest.mainClass@5e5792a0]" name="setUp" is-config="true" duration-ms="9822" started-at="2019-06-16T20:41:12Z" finished-at="2019-06-16T20:41:22Z">
          <reporter-output>
          </reporter-output>
        </test-method> <!-- setUp -->
        <test-method status="PASS" signature="cekMenuDataSuplayer_CURD()[pri:9, instance:com.seleniumtestngtest.mainClass@5e5792a0]" name="cekMenuDataSuplayer_CURD" duration-ms="5314" started-at="2019-06-16T20:41:22Z" finished-at="2019-06-16T20:41:27Z">
          <reporter-output>
          </reporter-output>
        </test-method> <!-- cekMenuDataSuplayer_CURD -->
        <test-method status="PASS" signature="setDown()[pri:0, instance:com.seleniumtestngtest.mainClass@5e5792a0]" name="setDown" is-config="true" duration-ms="337" started-at="2019-06-16T20:41:27Z" finished-at="2019-06-16T20:41:28Z">
          <reporter-output>
          </reporter-output>
        </test-method> <!-- setDown -->
        <test-method status="PASS" signature="setUp()[pri:0, instance:com.seleniumtestngtest.mainClass@5e5792a0]" name="setUp" is-config="true" duration-ms="9620" started-at="2019-06-16T20:41:28Z" finished-at="2019-06-16T20:41:37Z">
          <reporter-output>
          </reporter-output>
        </test-method> <!-- setUp -->
        <test-method status="PASS" signature="cekFormDataSuplayer()[pri:10, instance:com.seleniumtestngtest.mainClass@5e5792a0]" name="cekFormDataSuplayer" duration-ms="7351" started-at="2019-06-16T20:41:37Z" finished-at="2019-06-16T20:41:45Z">
          <reporter-output>
          </reporter-output>
        </test-method> <!-- cekFormDataSuplayer -->
        <test-method status="PASS" signature="setDown()[pri:0, instance:com.seleniumtestngtest.mainClass@5e5792a0]" name="setDown" is-config="true" duration-ms="401" started-at="2019-06-16T20:41:45Z" finished-at="2019-06-16T20:41:45Z">
          <reporter-output>
          </reporter-output>
        </test-method> <!-- setDown -->
        <test-method status="PASS" signature="setUp()[pri:0, instance:com.seleniumtestngtest.mainClass@5e5792a0]" name="setUp" is-config="true" duration-ms="10591" started-at="2019-06-16T20:41:45Z" finished-at="2019-06-16T20:41:56Z">
          <reporter-output>
          </reporter-output>
        </test-method> <!-- setUp -->
        <test-method status="PASS" signature="cekMenuDataBarang_CURD()[pri:11, instance:com.seleniumtestngtest.mainClass@5e5792a0]" name="cekMenuDataBarang_CURD" duration-ms="14751" started-at="2019-06-16T20:41:56Z" finished-at="2019-06-16T20:42:11Z">
          <reporter-output>
          </reporter-output>
        </test-method> <!-- cekMenuDataBarang_CURD -->
        <test-method status="PASS" signature="setDown()[pri:0, instance:com.seleniumtestngtest.mainClass@5e5792a0]" name="setDown" is-config="true" duration-ms="306" started-at="2019-06-16T20:42:11Z" finished-at="2019-06-16T20:42:11Z">
          <reporter-output>
          </reporter-output>
        </test-method> <!-- setDown -->
        <test-method status="PASS" signature="setUp()[pri:0, instance:com.seleniumtestngtest.mainClass@5e5792a0]" name="setUp" is-config="true" duration-ms="10390" started-at="2019-06-16T20:42:11Z" finished-at="2019-06-16T20:42:21Z">
          <reporter-output>
          </reporter-output>
        </test-method> <!-- setUp -->
        <test-method status="PASS" signature="cekFormDataBarang()[pri:12, instance:com.seleniumtestngtest.mainClass@5e5792a0]" name="cekFormDataBarang" duration-ms="40425" started-at="2019-06-16T20:42:21Z" finished-at="2019-06-16T20:43:02Z">
          <reporter-output>
          </reporter-output>
        </test-method> <!-- cekFormDataBarang -->
        <test-method status="PASS" signature="setDown()[pri:0, instance:com.seleniumtestngtest.mainClass@5e5792a0]" name="setDown" is-config="true" duration-ms="591" started-at="2019-06-16T20:43:02Z" finished-at="2019-06-16T20:43:02Z">
          <reporter-output>
          </reporter-output>
        </test-method> <!-- setDown -->
        <test-method status="PASS" signature="setUp()[pri:0, instance:com.seleniumtestngtest.mainClass@5e5792a0]" name="setUp" is-config="true" duration-ms="10775" started-at="2019-06-16T20:43:02Z" finished-at="2019-06-16T20:43:13Z">
          <reporter-output>
          </reporter-output>
        </test-method> <!-- setUp -->
        <test-method status="PASS" signature="cekTransaksiPembelian()[pri:13, instance:com.seleniumtestngtest.mainClass@5e5792a0]" name="cekTransaksiPembelian" duration-ms="16094" started-at="2019-06-16T20:43:13Z" finished-at="2019-06-16T20:43:29Z">
          <reporter-output>
          </reporter-output>
        </test-method> <!-- cekTransaksiPembelian -->
        <test-method status="PASS" signature="setDown()[pri:0, instance:com.seleniumtestngtest.mainClass@5e5792a0]" name="setDown" is-config="true" duration-ms="389" started-at="2019-06-16T20:43:29Z" finished-at="2019-06-16T20:43:30Z">
          <reporter-output>
          </reporter-output>
        </test-method> <!-- setDown -->
      </class> <!-- com.seleniumtestngtest.mainClass -->
    </test> <!-- Test -->
  </suite> <!-- Suite -->
</testng-results>
