<?xml version="1.0" encoding="UTF-8"?>
<testng-results skipped="0" failed="0" ignored="0" total="2" passed="2">
  <reporter-output>
  </reporter-output>
  <suite name="Suite" duration-ms="39666" started-at="2019-06-13T07:27:47Z" finished-at="2019-06-13T07:28:27Z">
    <groups>
    </groups>
    <test name="Test" duration-ms="39666" started-at="2019-06-13T07:27:47Z" finished-at="2019-06-13T07:28:27Z">
      <class name="com.seleniumtestngtest.baseClass">
        <test-method status="PASS" signature="setUp()[pri:1, instance:com.seleniumtestngtest.baseClass@2b98378d]" name="setUp" duration-ms="32486" started-at="2019-06-13T07:27:48Z" finished-at="2019-06-13T07:28:20Z">
          <reporter-output>
          </reporter-output>
        </test-method> <!-- setUp -->
        <test-method status="PASS" signature="setDown()[pri:2, instance:com.seleniumtestngtest.baseClass@2b98378d]" name="setDown" duration-ms="7028" started-at="2019-06-13T07:28:20Z" finished-at="2019-06-13T07:28:27Z">
          <reporter-output>
          </reporter-output>
        </test-method> <!-- setDown -->
      </class> <!-- com.seleniumtestngtest.baseClass -->
    </test> <!-- Test -->
  </suite> <!-- Suite -->
</testng-results>
