<?xml version="1.0" encoding="UTF-8"?>
<!-- Generated by org.testng.reporters.JUnitReportReporter -->
<testsuite skipped="0" hostname="Dika" name="com.seleniumtestngtest.baseClass" tests="2" failures="0" timestamp="13 Jun 2019 07:28:31 GMT" time="39.514" errors="0">
  <testcase name="setUp" time="32.486" classname="com.seleniumtestngtest.baseClass"/>
  <testcase name="setDown" time="7.028" classname="com.seleniumtestngtest.baseClass"/>
</testsuite> <!-- com.seleniumtestngtest.baseClass -->
