<?xml version="1.0" encoding="UTF-8"?>
<!-- Generated by org.testng.reporters.JUnitXMLReporter -->
<testsuite hostname="Dika" name="Test" tests="14" failures="0" timestamp="11 Jun 2019 17:41:32 GMT" time="375.139" errors="0">
  <testcase name="Title" time="2.742" classname="kasir.mainClass"/>
  <testcase name="cekLoginTrue" time="5.688" classname="kasir.mainClass"/>
  <testcase name="cekLogout" time="4.56" classname="kasir.mainClass"/>
  <testcase name="cekLoginFailed" time="2.865" classname="kasir.mainClass"/>
  <testcase name="cekFormLogin" time="5.642" classname="kasir.mainClass"/>
  <testcase name="cekMenuDataKasir_CURD" time="9.374" classname="kasir.mainClass"/>
  <testcase name="cekFormDataKasir" time="11.142" classname="kasir.mainClass"/>
  <testcase name="cekMenuDataKategori_CURD" time="8.584" classname="kasir.mainClass"/>
  <testcase name="cekFormDataKategori" time="4.989" classname="kasir.mainClass"/>
  <testcase name="cekMenuDataSuplayer_CURD" time="8.126" classname="kasir.mainClass"/>
  <testcase name="cekFormDataSuplayer" time="12.586" classname="kasir.mainClass"/>
  <testcase name="cekMenuDataBarang_CURD" time="10.896" classname="kasir.mainClass"/>
  <testcase name="cekFormDataBarang" time="57.561" classname="kasir.mainClass"/>
  <testcase name="cekTransaksiPembelian" time="19.946" classname="kasir.mainClass"/>
</testsuite> <!-- Test -->
