<?xml version="1.0" encoding="UTF-8"?>
<!-- Generated by org.testng.reporters.JUnitXMLReporter -->
<testsuite hostname="Dika" name="Test" tests="14" failures="1" timestamp="12 Jun 2019 10:43:41 GMT" time="439.768" errors="0">
  <testcase name="Title" time="3.438" classname="kasir.mainClass"/>
  <testcase name="cekLoginTrue" time="6.593" classname="kasir.mainClass"/>
  <testcase name="cekLogout" time="7.251" classname="kasir.mainClass"/>
  <testcase name="cekLoginFailed" time="2.92" classname="kasir.mainClass"/>
  <testcase name="cekFormLogin" time="9.718" classname="kasir.mainClass"/>
  <testcase name="cekMenuDataKasir_CURD" time="8.133" classname="kasir.mainClass"/>
  <testcase name="cekFormDataKasir" time="11.809" classname="kasir.mainClass"/>
  <testcase name="cekMenuDataKategori_CURD" time="8.605" classname="kasir.mainClass"/>
  <testcase name="cekFormDataKategori" time="5.135" classname="kasir.mainClass"/>
  <testcase name="cekMenuDataSuplayer_CURD" time="9.571" classname="kasir.mainClass"/>
  <testcase name="cekFormDataSuplayer" time="12.674" classname="kasir.mainClass"/>
  <testcase name="cekMenuDataBarang_CURD" time="12.035" classname="kasir.mainClass"/>
  <testcase name="cekFormDataBarang" time="61.256" classname="kasir.mainClass"/>
  <testcase name="cekTransaksiPembelian" time="46.613" classname="kasir.mainClass">
    <failure type="org.openqa.selenium.NoSuchElementException" message="Cannot locate element with text: [ B0001 ] Cannon AES | Rp. 4.000.000
For documentation on this error, please visit: http://seleniumhq.org/exceptions/no_such_element.html
Build info: version: &amp;apos;2.53.0&amp;apos;, revision: &amp;apos;35ae25b&amp;apos;, time: &amp;apos;2016-03-15 16:57:40&amp;apos;
System info: host: &amp;apos;Dika&amp;apos;, ip: &amp;apos;169.254.219.208&amp;apos;, os.name: &amp;apos;Windows 8.1&amp;apos;, os.arch: &amp;apos;amd64&amp;apos;, os.version: &amp;apos;6.3&amp;apos;, java.version: &amp;apos;1.8.0_201&amp;apos;
Driver info: driver.version: unknown">
      <![CDATA[org.openqa.selenium.NoSuchElementException: Cannot locate element with text: [ B0001 ] Cannon AES | Rp. 4.000.000
For documentation on this error, please visit: http://seleniumhq.org/exceptions/no_such_element.html
Build info: version: '2.53.0', revision: '35ae25b', time: '2016-03-15 16:57:40'
System info: host: 'Dika', ip: '169.254.219.208', os.name: 'Windows 8.1', os.arch: 'amd64', os.version: '6.3', java.version: '1.8.0_201'
Driver info: driver.version: unknown
	at org.openqa.selenium.support.ui.Select.selectByVisibleText(Select.java:150)
	at kasir.transaksiPembelianBarang.transaksipembelian(transaksiPembelianBarang.java:35)
	at kasir.mainClass.cekTransaksiPembelian(mainClass.java:103)
... Removed 24 stack frames]]>
    </failure>
  </testcase> <!-- cekTransaksiPembelian -->
</testsuite> <!-- Test -->
