<?xml version="1.0" encoding="UTF-8"?>
<!-- Generated by org.testng.reporters.JUnitXMLReporter -->
<testsuite hostname="Dika" name="Test" tests="1" failures="1" timestamp="18 Jun 2019 09:31:37 GMT" time="42.627" errors="0">
  <testcase name="cekFormDataBarang" time="30.478" classname="kasir.mainClass">
    <failure type="org.openqa.selenium.NoSuchElementException" message="Cannot locate element with text: Kamera
For documentation on this error, please visit: http://seleniumhq.org/exceptions/no_such_element.html
Build info: version: &amp;apos;2.53.0&amp;apos;, revision: &amp;apos;35ae25b&amp;apos;, time: &amp;apos;2016-03-15 16:57:40&amp;apos;
System info: host: &amp;apos;Dika&amp;apos;, ip: &amp;apos;169.254.219.208&amp;apos;, os.name: &amp;apos;Windows 8.1&amp;apos;, os.arch: &amp;apos;amd64&amp;apos;, os.version: &amp;apos;6.3&amp;apos;, java.version: &amp;apos;1.8.0_201&amp;apos;
Driver info: driver.version: unknown">
      <![CDATA[org.openqa.selenium.NoSuchElementException: Cannot locate element with text: Kamera
For documentation on this error, please visit: http://seleniumhq.org/exceptions/no_such_element.html
Build info: version: '2.53.0', revision: '35ae25b', time: '2016-03-15 16:57:40'
System info: host: 'Dika', ip: '169.254.219.208', os.name: 'Windows 8.1', os.arch: 'amd64', os.version: '6.3', java.version: '1.8.0_201'
Driver info: driver.version: unknown
	at org.openqa.selenium.support.ui.Select.selectByVisibleText(Select.java:150)
	at kasir.ValidasiFormDataBarang.formDataBarang(ValidasiFormDataBarang.java:137)
	at kasir.mainClass.cekFormDataBarang(mainClass.java:96)
... Removed 24 stack frames]]>
    </failure>
  </testcase> <!-- cekFormDataBarang -->
</testsuite> <!-- Test -->
