<?xml version="1.0" encoding="UTF-8"?>
<!-- Generated by org.testng.reporters.JUnitXMLReporter -->
<testsuite hostname="Dika" ignored="0" name="Test" tests="14" failures="0" timestamp="18 Jun 2019 09:56:20 GMT" time="252.416" errors="0">
  <testcase name="Title" time="0.227" classname="com.seleniumtestngtest.mainClass"/>
  <testcase name="cekLoginTrue" time="3.206" classname="com.seleniumtestngtest.mainClass"/>
  <testcase name="cekLogout" time="3.656" classname="com.seleniumtestngtest.mainClass"/>
  <testcase name="cekLoginFailed" time="1.811" classname="com.seleniumtestngtest.mainClass"/>
  <testcase name="cekFormLogin" time="2.967" classname="com.seleniumtestngtest.mainClass"/>
  <testcase name="cekMenuDataKasir_CURD" time="5.346" classname="com.seleniumtestngtest.mainClass"/>
  <testcase name="cekFormDataKasir" time="6.979" classname="com.seleniumtestngtest.mainClass"/>
  <testcase name="cekMenuDataKategori_CURD" time="5.007" classname="com.seleniumtestngtest.mainClass"/>
  <testcase name="cekFormDataKategori" time="3.142" classname="com.seleniumtestngtest.mainClass"/>
  <testcase name="cekMenuDataSuplayer_CURD" time="5.858" classname="com.seleniumtestngtest.mainClass"/>
  <testcase name="cekFormDataSuplayer" time="7.877" classname="com.seleniumtestngtest.mainClass"/>
  <testcase name="cekMenuDataBarang_CURD" time="13.173" classname="com.seleniumtestngtest.mainClass"/>
  <testcase name="cekFormDataBarang" time="38.914" classname="com.seleniumtestngtest.mainClass"/>
  <testcase name="cekTransaksiPembelian" time="16.254" classname="com.seleniumtestngtest.mainClass"/>
</testsuite> <!-- Test -->
