<?xml version="1.0" encoding="UTF-8"?>
<!-- Generated by org.testng.reporters.JUnitXMLReporter -->
<testsuite hostname="Dika" ignored="0" name="Default test" tests="14" failures="0" timestamp="05 Jul 2019 09:08:58 GMT" time="582.777" errors="0">
  <testcase name="Title" time="11.806" classname="com.seleniumtestngtest.mainClass"/>
  <testcase name="cekLoginTrue" time="30.269" classname="com.seleniumtestngtest.mainClass"/>
  <testcase name="cekLogout" time="23.87" classname="com.seleniumtestngtest.mainClass"/>
  <testcase name="cekLoginFailed" time="3.942" classname="com.seleniumtestngtest.mainClass"/>
  <testcase name="cekFormLogin" time="6.815" classname="com.seleniumtestngtest.mainClass"/>
  <testcase name="cekMenuDataKasir_CURD" time="10.149" classname="com.seleniumtestngtest.mainClass"/>
  <testcase name="cekFormDataKasir" time="23.78" classname="com.seleniumtestngtest.mainClass"/>
  <testcase name="cekMenuDataKategori_CURD" time="15.435" classname="com.seleniumtestngtest.mainClass"/>
  <testcase name="cekFormDataKategori" time="5.159" classname="com.seleniumtestngtest.mainClass"/>
  <testcase name="cekMenuDataSuplayer_CURD" time="10.612" classname="com.seleniumtestngtest.mainClass"/>
  <testcase name="cekFormDataSuplayer" time="13.207" classname="com.seleniumtestngtest.mainClass"/>
  <testcase name="cekMenuDataBarang_CURD" time="17.11" classname="com.seleniumtestngtest.mainClass"/>
  <testcase name="cekFormDataBarang" time="68.923" classname="com.seleniumtestngtest.mainClass"/>
  <testcase name="cekTransaksiPembelian" time="27.547" classname="com.seleniumtestngtest.mainClass"/>
</testsuite> <!-- Default test -->
