<?xml version="1.0" encoding="UTF-8"?>
<testng-results skipped="0" failed="0" total="1" passed="1">
  <reporter-output>
  </reporter-output>
  <suite name="Suite" duration-ms="34359" started-at="2019-06-16T19:37:01Z" finished-at="2019-06-16T19:37:35Z">
    <groups>
    </groups>
    <test name="Test" duration-ms="34359" started-at="2019-06-16T19:37:01Z" finished-at="2019-06-16T19:37:35Z">
      <class name="kasir.mainClass">
        <test-method status="PASS" signature="setUp()[pri:0, instance:kasir.mainClass@457e2f02]" name="setUp" is-config="true" duration-ms="10766" started-at="2019-06-17T01:07:01Z" finished-at="2019-06-17T01:07:11Z">
          <reporter-output>
          </reporter-output>
        </test-method> <!-- setUp -->
        <test-method status="PASS" signature="cekTransaksiPembelian()[pri:13, instance:kasir.mainClass@457e2f02]" name="cekTransaksiPembelian" duration-ms="22205" started-at="2019-06-17T01:07:11Z" finished-at="2019-06-17T01:07:34Z">
          <reporter-output>
          </reporter-output>
        </test-method> <!-- cekTransaksiPembelian -->
        <test-method status="PASS" signature="setDown()[pri:0, instance:kasir.mainClass@457e2f02]" name="setDown" is-config="true" duration-ms="1346" started-at="2019-06-17T01:07:34Z" finished-at="2019-06-17T01:07:35Z">
          <reporter-output>
          </reporter-output>
        </test-method> <!-- setDown -->
      </class> <!-- kasir.mainClass -->
    </test> <!-- Test -->
  </suite> <!-- Suite -->
</testng-results>
