<?xml version="1.0" encoding="UTF-8"?>
<testng-results skipped="0" failed="1" total="14" passed="13">
  <reporter-output>
  </reporter-output>
  <suite name="Suite" duration-ms="439768" started-at="2019-06-12T10:36:20Z" finished-at="2019-06-12T10:43:40Z">
    <groups>
    </groups>
    <test name="Test" duration-ms="439768" started-at="2019-06-12T10:36:20Z" finished-at="2019-06-12T10:43:40Z">
      <class name="kasir.mainClass">
        <test-method status="PASS" signature="setUp()[pri:0, instance:kasir.mainClass@5c7fa833]" name="setUp" is-config="true" duration-ms="19048" started-at="2019-06-12T16:06:20Z" finished-at="2019-06-12T16:06:39Z">
          <reporter-output>
          </reporter-output>
        </test-method> <!-- setUp -->
        <test-method status="PASS" signature="Title()[pri:0, instance:kasir.mainClass@5c7fa833]" name="Title" duration-ms="3438" started-at="2019-06-12T16:06:39Z" finished-at="2019-06-12T16:06:43Z">
          <reporter-output>
          </reporter-output>
        </test-method> <!-- Title -->
        <test-method status="PASS" signature="setDown()[pri:0, instance:kasir.mainClass@5c7fa833]" name="setDown" is-config="true" duration-ms="11916" started-at="2019-06-12T16:06:43Z" finished-at="2019-06-12T16:06:55Z">
          <reporter-output>
          </reporter-output>
        </test-method> <!-- setDown -->
        <test-method status="PASS" signature="setUp()[pri:0, instance:kasir.mainClass@5c7fa833]" name="setUp" is-config="true" duration-ms="33297" started-at="2019-06-12T16:06:55Z" finished-at="2019-06-12T16:07:28Z">
          <reporter-output>
          </reporter-output>
        </test-method> <!-- setUp -->
        <test-method status="PASS" signature="cekLoginTrue()[pri:1, instance:kasir.mainClass@5c7fa833]" name="cekLoginTrue" duration-ms="6593" started-at="2019-06-12T16:07:28Z" finished-at="2019-06-12T16:07:35Z">
          <reporter-output>
          </reporter-output>
        </test-method> <!-- cekLoginTrue -->
        <test-method status="PASS" signature="setDown()[pri:0, instance:kasir.mainClass@5c7fa833]" name="setDown" is-config="true" duration-ms="1208" started-at="2019-06-12T16:07:35Z" finished-at="2019-06-12T16:07:36Z">
          <reporter-output>
          </reporter-output>
        </test-method> <!-- setDown -->
        <test-method status="PASS" signature="setUp()[pri:0, instance:kasir.mainClass@5c7fa833]" name="setUp" is-config="true" duration-ms="14365" started-at="2019-06-12T16:07:36Z" finished-at="2019-06-12T16:07:50Z">
          <reporter-output>
          </reporter-output>
        </test-method> <!-- setUp -->
        <test-method status="PASS" signature="cekLogout()[pri:2, instance:kasir.mainClass@5c7fa833]" name="cekLogout" duration-ms="7251" started-at="2019-06-12T16:07:50Z" finished-at="2019-06-12T16:07:58Z">
          <reporter-output>
          </reporter-output>
        </test-method> <!-- cekLogout -->
        <test-method status="PASS" signature="setDown()[pri:0, instance:kasir.mainClass@5c7fa833]" name="setDown" is-config="true" duration-ms="616" started-at="2019-06-12T16:07:58Z" finished-at="2019-06-12T16:07:58Z">
          <reporter-output>
          </reporter-output>
        </test-method> <!-- setDown -->
        <test-method status="PASS" signature="setUp()[pri:0, instance:kasir.mainClass@5c7fa833]" name="setUp" is-config="true" duration-ms="13110" started-at="2019-06-12T16:07:58Z" finished-at="2019-06-12T16:08:11Z">
          <reporter-output>
          </reporter-output>
        </test-method> <!-- setUp -->
        <test-method status="PASS" signature="cekLoginFailed()[pri:3, instance:kasir.mainClass@5c7fa833]" name="cekLoginFailed" duration-ms="2920" started-at="2019-06-12T16:08:11Z" finished-at="2019-06-12T16:08:14Z">
          <reporter-output>
          </reporter-output>
        </test-method> <!-- cekLoginFailed -->
        <test-method status="PASS" signature="setDown()[pri:0, instance:kasir.mainClass@5c7fa833]" name="setDown" is-config="true" duration-ms="493" started-at="2019-06-12T16:08:14Z" finished-at="2019-06-12T16:08:15Z">
          <reporter-output>
          </reporter-output>
        </test-method> <!-- setDown -->
        <test-method status="PASS" signature="setUp()[pri:0, instance:kasir.mainClass@5c7fa833]" name="setUp" is-config="true" duration-ms="13392" started-at="2019-06-12T16:08:15Z" finished-at="2019-06-12T16:08:28Z">
          <reporter-output>
          </reporter-output>
        </test-method> <!-- setUp -->
        <test-method status="PASS" signature="cekFormLogin()[pri:4, instance:kasir.mainClass@5c7fa833]" name="cekFormLogin" duration-ms="9718" started-at="2019-06-12T16:08:28Z" finished-at="2019-06-12T16:08:38Z">
          <reporter-output>
          </reporter-output>
        </test-method> <!-- cekFormLogin -->
        <test-method status="PASS" signature="setDown()[pri:0, instance:kasir.mainClass@5c7fa833]" name="setDown" is-config="true" duration-ms="502" started-at="2019-06-12T16:08:38Z" finished-at="2019-06-12T16:08:38Z">
          <reporter-output>
          </reporter-output>
        </test-method> <!-- setDown -->
        <test-method status="PASS" signature="setUp()[pri:0, instance:kasir.mainClass@5c7fa833]" name="setUp" is-config="true" duration-ms="13635" started-at="2019-06-12T16:08:38Z" finished-at="2019-06-12T16:08:52Z">
          <reporter-output>
          </reporter-output>
        </test-method> <!-- setUp -->
        <test-method status="PASS" signature="cekMenuDataKasir_CURD()[pri:5, instance:kasir.mainClass@5c7fa833]" name="cekMenuDataKasir_CURD" duration-ms="8133" started-at="2019-06-12T16:08:52Z" finished-at="2019-06-12T16:09:00Z">
          <reporter-output>
          </reporter-output>
        </test-method> <!-- cekMenuDataKasir_CURD -->
        <test-method status="PASS" signature="setDown()[pri:0, instance:kasir.mainClass@5c7fa833]" name="setDown" is-config="true" duration-ms="664" started-at="2019-06-12T16:09:00Z" finished-at="2019-06-12T16:09:01Z">
          <reporter-output>
          </reporter-output>
        </test-method> <!-- setDown -->
        <test-method status="PASS" signature="setUp()[pri:0, instance:kasir.mainClass@5c7fa833]" name="setUp" is-config="true" duration-ms="13681" started-at="2019-06-12T16:09:01Z" finished-at="2019-06-12T16:09:14Z">
          <reporter-output>
          </reporter-output>
        </test-method> <!-- setUp -->
        <test-method status="PASS" signature="cekFormDataKasir()[pri:6, instance:kasir.mainClass@5c7fa833]" name="cekFormDataKasir" duration-ms="11809" started-at="2019-06-12T16:09:14Z" finished-at="2019-06-12T16:09:26Z">
          <reporter-output>
          </reporter-output>
        </test-method> <!-- cekFormDataKasir -->
        <test-method status="PASS" signature="setDown()[pri:0, instance:kasir.mainClass@5c7fa833]" name="setDown" is-config="true" duration-ms="495" started-at="2019-06-12T16:09:26Z" finished-at="2019-06-12T16:09:27Z">
          <reporter-output>
          </reporter-output>
        </test-method> <!-- setDown -->
        <test-method status="PASS" signature="setUp()[pri:0, instance:kasir.mainClass@5c7fa833]" name="setUp" is-config="true" duration-ms="13049" started-at="2019-06-12T16:09:27Z" finished-at="2019-06-12T16:09:40Z">
          <reporter-output>
          </reporter-output>
        </test-method> <!-- setUp -->
        <test-method status="PASS" signature="cekMenuDataKategori_CURD()[pri:7, instance:kasir.mainClass@5c7fa833]" name="cekMenuDataKategori_CURD" duration-ms="8605" started-at="2019-06-12T16:09:40Z" finished-at="2019-06-12T16:09:48Z">
          <reporter-output>
          </reporter-output>
        </test-method> <!-- cekMenuDataKategori_CURD -->
        <test-method status="PASS" signature="setDown()[pri:0, instance:kasir.mainClass@5c7fa833]" name="setDown" is-config="true" duration-ms="542" started-at="2019-06-12T16:09:48Z" finished-at="2019-06-12T16:09:49Z">
          <reporter-output>
          </reporter-output>
        </test-method> <!-- setDown -->
        <test-method status="PASS" signature="setUp()[pri:0, instance:kasir.mainClass@5c7fa833]" name="setUp" is-config="true" duration-ms="13104" started-at="2019-06-12T16:09:49Z" finished-at="2019-06-12T16:10:02Z">
          <reporter-output>
          </reporter-output>
        </test-method> <!-- setUp -->
        <test-method status="PASS" signature="cekFormDataKategori()[pri:8, instance:kasir.mainClass@5c7fa833]" name="cekFormDataKategori" duration-ms="5135" started-at="2019-06-12T16:10:02Z" finished-at="2019-06-12T16:10:07Z">
          <reporter-output>
          </reporter-output>
        </test-method> <!-- cekFormDataKategori -->
        <test-method status="PASS" signature="setDown()[pri:0, instance:kasir.mainClass@5c7fa833]" name="setDown" is-config="true" duration-ms="496" started-at="2019-06-12T16:10:07Z" finished-at="2019-06-12T16:10:08Z">
          <reporter-output>
          </reporter-output>
        </test-method> <!-- setDown -->
        <test-method status="PASS" signature="setUp()[pri:0, instance:kasir.mainClass@5c7fa833]" name="setUp" is-config="true" duration-ms="13591" started-at="2019-06-12T16:10:08Z" finished-at="2019-06-12T16:10:21Z">
          <reporter-output>
          </reporter-output>
        </test-method> <!-- setUp -->
        <test-method status="PASS" signature="cekMenuDataSuplayer_CURD()[pri:9, instance:kasir.mainClass@5c7fa833]" name="cekMenuDataSuplayer_CURD" duration-ms="9571" started-at="2019-06-12T16:10:21Z" finished-at="2019-06-12T16:10:31Z">
          <reporter-output>
          </reporter-output>
        </test-method> <!-- cekMenuDataSuplayer_CURD -->
        <test-method status="PASS" signature="setDown()[pri:0, instance:kasir.mainClass@5c7fa833]" name="setDown" is-config="true" duration-ms="534" started-at="2019-06-12T16:10:31Z" finished-at="2019-06-12T16:10:31Z">
          <reporter-output>
          </reporter-output>
        </test-method> <!-- setDown -->
        <test-method status="PASS" signature="setUp()[pri:0, instance:kasir.mainClass@5c7fa833]" name="setUp" is-config="true" duration-ms="13515" started-at="2019-06-12T16:10:31Z" finished-at="2019-06-12T16:10:45Z">
          <reporter-output>
          </reporter-output>
        </test-method> <!-- setUp -->
        <test-method status="PASS" signature="cekFormDataSuplayer()[pri:10, instance:kasir.mainClass@5c7fa833]" name="cekFormDataSuplayer" duration-ms="12674" started-at="2019-06-12T16:10:45Z" finished-at="2019-06-12T16:10:58Z">
          <reporter-output>
          </reporter-output>
        </test-method> <!-- cekFormDataSuplayer -->
        <test-method status="PASS" signature="setDown()[pri:0, instance:kasir.mainClass@5c7fa833]" name="setDown" is-config="true" duration-ms="484" started-at="2019-06-12T16:10:58Z" finished-at="2019-06-12T16:10:58Z">
          <reporter-output>
          </reporter-output>
        </test-method> <!-- setDown -->
        <test-method status="PASS" signature="setUp()[pri:0, instance:kasir.mainClass@5c7fa833]" name="setUp" is-config="true" duration-ms="13244" started-at="2019-06-12T16:10:58Z" finished-at="2019-06-12T16:11:11Z">
          <reporter-output>
          </reporter-output>
        </test-method> <!-- setUp -->
        <test-method status="PASS" signature="cekMenuDataBarang_CURD()[pri:11, instance:kasir.mainClass@5c7fa833]" name="cekMenuDataBarang_CURD" duration-ms="12035" started-at="2019-06-12T16:11:11Z" finished-at="2019-06-12T16:11:23Z">
          <reporter-output>
          </reporter-output>
        </test-method> <!-- cekMenuDataBarang_CURD -->
        <test-method status="PASS" signature="setDown()[pri:0, instance:kasir.mainClass@5c7fa833]" name="setDown" is-config="true" duration-ms="598" started-at="2019-06-12T16:11:23Z" finished-at="2019-06-12T16:11:24Z">
          <reporter-output>
          </reporter-output>
        </test-method> <!-- setDown -->
        <test-method status="PASS" signature="setUp()[pri:0, instance:kasir.mainClass@5c7fa833]" name="setUp" is-config="true" duration-ms="13500" started-at="2019-06-12T16:11:24Z" finished-at="2019-06-12T16:11:37Z">
          <reporter-output>
          </reporter-output>
        </test-method> <!-- setUp -->
        <test-method status="PASS" signature="cekFormDataBarang()[pri:12, instance:kasir.mainClass@5c7fa833]" name="cekFormDataBarang" duration-ms="61256" started-at="2019-06-12T16:11:37Z" finished-at="2019-06-12T16:12:39Z">
          <reporter-output>
          </reporter-output>
        </test-method> <!-- cekFormDataBarang -->
        <test-method status="PASS" signature="setDown()[pri:0, instance:kasir.mainClass@5c7fa833]" name="setDown" is-config="true" duration-ms="496" started-at="2019-06-12T16:12:39Z" finished-at="2019-06-12T16:12:39Z">
          <reporter-output>
          </reporter-output>
        </test-method> <!-- setDown -->
        <test-method status="PASS" signature="setUp()[pri:0, instance:kasir.mainClass@5c7fa833]" name="setUp" is-config="true" duration-ms="13807" started-at="2019-06-12T16:12:39Z" finished-at="2019-06-12T16:12:53Z">
          <reporter-output>
          </reporter-output>
        </test-method> <!-- setUp -->
        <test-method status="FAIL" signature="cekTransaksiPembelian()[pri:13, instance:kasir.mainClass@5c7fa833]" name="cekTransaksiPembelian" duration-ms="46613" started-at="2019-06-12T16:12:53Z" finished-at="2019-06-12T16:13:40Z">
          <exception class="org.openqa.selenium.NoSuchElementException">
            <message>
              <![CDATA[Cannot locate element with text: [ B0001 ] Cannon AES | Rp. 4.000.000
For documentation on this error, please visit: http://seleniumhq.org/exceptions/no_such_element.html
Build info: version: '2.53.0', revision: '35ae25b', time: '2016-03-15 16:57:40'
System info: host: 'Dika', ip: '169.254.219.208', os.name: 'Windows 8.1', os.arch: 'amd64', os.version: '6.3', java.version: '1.8.0_201'
Driver info: driver.version: unknown]]>
            </message>
            <full-stacktrace>
              <![CDATA[org.openqa.selenium.NoSuchElementException: Cannot locate element with text: [ B0001 ] Cannon AES | Rp. 4.000.000
For documentation on this error, please visit: http://seleniumhq.org/exceptions/no_such_element.html
Build info: version: '2.53.0', revision: '35ae25b', time: '2016-03-15 16:57:40'
System info: host: 'Dika', ip: '169.254.219.208', os.name: 'Windows 8.1', os.arch: 'amd64', os.version: '6.3', java.version: '1.8.0_201'
Driver info: driver.version: unknown
	at org.openqa.selenium.support.ui.Select.selectByVisibleText(Select.java:150)
	at kasir.transaksiPembelianBarang.transaksipembelian(transaksiPembelianBarang.java:35)
	at kasir.mainClass.cekTransaksiPembelian(mainClass.java:103)
	at sun.reflect.NativeMethodAccessorImpl.invoke0(Native Method)
	at sun.reflect.NativeMethodAccessorImpl.invoke(Unknown Source)
	at sun.reflect.DelegatingMethodAccessorImpl.invoke(Unknown Source)
	at java.lang.reflect.Method.invoke(Unknown Source)
	at org.testng.internal.MethodInvocationHelper.invokeMethod(MethodInvocationHelper.java:85)
	at org.testng.internal.Invoker.invokeMethod(Invoker.java:639)
	at org.testng.internal.Invoker.invokeTestMethod(Invoker.java:816)
	at org.testng.internal.Invoker.invokeTestMethods(Invoker.java:1124)
	at org.testng.internal.TestMethodWorker.invokeTestMethods(TestMethodWorker.java:125)
	at org.testng.internal.TestMethodWorker.run(TestMethodWorker.java:108)
	at org.testng.TestRunner.privateRun(TestRunner.java:774)
	at org.testng.TestRunner.run(TestRunner.java:624)
	at org.testng.SuiteRunner.runTest(SuiteRunner.java:359)
	at org.testng.SuiteRunner.runSequentially(SuiteRunner.java:354)
	at org.testng.SuiteRunner.privateRun(SuiteRunner.java:312)
	at org.testng.SuiteRunner.run(SuiteRunner.java:261)
	at org.testng.SuiteRunnerWorker.runSuite(SuiteRunnerWorker.java:52)
	at org.testng.SuiteRunnerWorker.run(SuiteRunnerWorker.java:86)
	at org.testng.TestNG.runSuitesSequentially(TestNG.java:1215)
	at org.testng.TestNG.runSuitesLocally(TestNG.java:1140)
	at org.testng.TestNG.run(TestNG.java:1048)
	at org.testng.remote.AbstractRemoteTestNG.run(AbstractRemoteTestNG.java:115)
	at org.testng.remote.RemoteTestNG.initAndRun(RemoteTestNG.java:251)
	at org.testng.remote.RemoteTestNG.main(RemoteTestNG.java:77)
]]>
            </full-stacktrace>
          </exception> <!-- org.openqa.selenium.NoSuchElementException -->
          <reporter-output>
          </reporter-output>
        </test-method> <!-- cekTransaksiPembelian -->
        <test-method status="PASS" signature="setDown()[pri:0, instance:kasir.mainClass@5c7fa833]" name="setDown" is-config="true" duration-ms="500" started-at="2019-06-12T16:13:40Z" finished-at="2019-06-12T16:13:40Z">
          <reporter-output>
          </reporter-output>
        </test-method> <!-- setDown -->
      </class> <!-- kasir.mainClass -->
    </test> <!-- Test -->
  </suite> <!-- Suite -->
</testng-results>
